# JRE version: Java(TM) SE Runtime Environment (7.0_51-b13) (build 1.7.0_51-b13)
# Java VM: Java HotSpot(TM) 64-Bit Server VM (24.51-b03 mixed mode linux-amd64 compressed oops)
Heap
 PSYoungGen      total 103424K, used 12776K [0x00000000eaa80000, 0x00000000f1d80000, 0x0000000100000000)
  eden space 90624K, 0% used [0x00000000eaa80000,0x00000000eaa80000,0x00000000f0300000)
  from space 12800K, 99% used [0x00000000f0300000,0x00000000f0f7a270,0x00000000f0f80000)
  to   space 11264K, 0% used [0x00000000f0f80000,0x00000000f0f80000,0x00000000f1a80000)
 ParOldGen       total 59904K, used 32516K [0x00000000c0000000, 0x00000000c3a80000, 0x00000000eaa80000)
  object space 59904K, 54% used [0x00000000c0000000,0x00000000c1fc11c8,0x00000000c3a80000)
 PSPermGen       total 21504K, used 5910K [0x00000000bae00000, 0x00000000bc300000, 0x00000000c0000000)
  object space 21504K, 27% used [0x00000000bae00000,0x00000000bb3c5b70,0x00000000bc300000)
GC Heap History (10 events):
Event: 3.911 GC heap after
Heap after GC invocations=2 (full 0):
 PSYoungGen      total 26624K, used 3575K [0x00000000eaa80000, 0x00000000ede80000, 0x0000000100000000)
  eden space 23040K, 0% used [0x00000000eaa80000,0x00000000eaa80000,0x00000000ec100000)
  from space 3584K, 99% used [0x00000000ec480000,0x00000000ec7fdc70,0x00000000ec800000)
  to   space 3584K, 0% used [0x00000000ec100000,0x00000000ec100000,0x00000000ec480000)
 ParOldGen       total 59904K, used 4558K [0x00000000c0000000, 0x00000000c3a80000, 0x00000000eaa80000)
  object space 59904K, 7% used [0x00000000c0000000,0x00000000c0473b58,0x00000000c3a80000)
 PSPermGen       total 21504K, used 5732K [0x00000000bae00000, 0x00000000bc300000, 0x00000000c0000000)
  object space 21504K, 26% used [0x00000000bae00000,0x00000000bb399340,0x00000000bc300000)
}
Event: 5.069 GC heap before
{Heap before GC invocations=3 (full 0):
 PSYoungGen      total 26624K, used 26615K [0x00000000eaa80000, 0x00000000ede80000, 0x0000000100000000)
  eden space 23040K, 100% used [0x00000000eaa80000,0x00000000ec100000,0x00000000ec100000)
  from space 3584K, 99% used [0x00000000ec480000,0x00000000ec7fdc70,0x00000000ec800000)
  to   space 3584K, 0% used [0x00000000ec100000,0x00000000ec100000,0x00000000ec480000)
 ParOldGen       total 59904K, used 4558K [0x00000000c0000000, 0x00000000c3a80000, 0x00000000eaa80000)
  object space 59904K, 7% used [0x00000000c0000000,0x00000000c0473b58,0x00000000c3a80000)
 PSPermGen       total 21504K, used 5776K [0x00000000bae00000, 0x00000000bc300000, 0x00000000c0000000)
  object space 21504K, 26% used [0x00000000bae00000,0x00000000bb3a4318,0x00000000bc300000)
Event: 5.125 GC heap after
Heap after GC invocations=3 (full 0):
 PSYoungGen      total 26624K, used 3576K [0x00000000eaa80000, 0x00000000ede80000, 0x0000000100000000)
  eden space 23040K, 0% used [0x00000000eaa80000,0x00000000eaa80000,0x00000000ec100000)
  from space 3584K, 99% used [0x00000000ec100000,0x00000000ec47e3d0,0x00000000ec480000)
  to   space 3584K, 0% used [0x00000000edb00000,0x00000000edb00000,0x00000000ede80000)
 ParOldGen       total 59904K, used 7887K [0x00000000c0000000, 0x00000000c3a80000, 0x00000000eaa80000)
  object space 59904K, 13% used [0x00000000c0000000,0x00000000c07b3e68,0x00000000c3a80000)
 PSPermGen       total 21504K, used 5776K [0x00000000bae00000, 0x00000000bc300000, 0x00000000c0000000)
  object space 21504K, 26% used [0x00000000bae00000,0x00000000bb3a4318,0x00000000bc300000)
}
Event: 6.316 GC heap before
{Heap before GC invocations=4 (full 0):
 PSYoungGen      total 26624K, used 26616K [0x00000000eaa80000, 0x00000000ede80000, 0x0000000100000000)
  eden space 23040K, 100% used [0x00000000eaa80000,0x00000000ec100000,0x00000000ec100000)
  from space 3584K, 99% used [0x00000000ec100000,0x00000000ec47e3d0,0x00000000ec480000)
  to   space 3584K, 0% used [0x00000000edb00000,0x00000000edb00000,0x00000000ede80000)
 ParOldGen       total 59904K, used 7887K [0x00000000c0000000, 0x00000000c3a80000, 0x00000000eaa80000)
  object space 59904K, 13% used [0x00000000c0000000,0x00000000c07b3e68,0x00000000c3a80000)
 PSPermGen       total 21504K, used 5801K [0x00000000bae00000, 0x00000000bc300000, 0x00000000c0000000)
  object space 21504K, 26% used [0x00000000bae00000,0x00000000bb3aa7a8,0x00000000bc300000)
Event: 6.413 GC heap after
Heap after GC invocations=4 (full 0):
 PSYoungGen      total 49664K, used 3564K [0x00000000eaa80000, 0x00000000ede80000, 0x0000000100000000)
  eden space 46080K, 0% used [0x00000000eaa80000,0x00000000eaa80000,0x00000000ed780000)
  from space 3584K, 99% used [0x00000000edb00000,0x00000000ede7b360,0x00000000ede80000)
  to   space 3584K, 0% used [0x00000000ed780000,0x00000000ed780000,0x00000000edb00000)
 ParOldGen       total 59904K, used 12118K [0x00000000c0000000, 0x00000000c3a80000, 0x00000000eaa80000)
  object space 59904K, 20% used [0x00000000c0000000,0x00000000c0bd5ae8,0x00000000c3a80000)
 PSPermGen       total 21504K, used 5801K [0x00000000bae00000, 0x00000000bc300000, 0x00000000c0000000)
  object space 21504K, 26% used [0x00000000bae00000,0x00000000bb3aa7a8,0x00000000bc300000)
}
Event: 9.780 GC heap before
{Heap before GC invocations=5 (full 0):
 PSYoungGen      total 49664K, used 49644K [0x00000000eaa80000, 0x00000000ede80000, 0x0000000100000000)
  eden space 46080K, 100% used [0x00000000eaa80000,0x00000000ed780000,0x00000000ed780000)
  from space 3584K, 99% used [0x00000000edb00000,0x00000000ede7b360,0x00000000ede80000)
  to   space 3584K, 0% used [0x00000000ed780000,0x00000000ed780000,0x00000000edb00000)
 ParOldGen       total 59904K, used 12118K [0x00000000c0000000, 0x00000000c3a80000, 0x00000000eaa80000)
  object space 59904K, 20% used [0x00000000c0000000,0x00000000c0bd5ae8,0x00000000c3a80000)
 PSPermGen       total 21504K, used 5847K [0x00000000bae00000, 0x00000000bc300000, 0x00000000c0000000)
  object space 21504K, 27% used [0x00000000bae00000,0x00000000bb3b5c88,0x00000000bc300000)
Event: 9.855 GC heap after
Heap after GC invocations=5 (full 0):
 PSYoungGen      total 49664K, used 3557K [0x00000000eaa80000, 0x00000000f1a80000, 0x0000000100000000)
  eden space 46080K, 0% used [0x00000000eaa80000,0x00000000eaa80000,0x00000000ed780000)
  from space 3584K, 99% used [0x00000000ed780000,0x00000000edaf9400,0x00000000edb00000)
  to   space 11264K, 0% used [0x00000000f0f80000,0x00000000f0f80000,0x00000000f1a80000)
 ParOldGen       total 59904K, used 19346K [0x00000000c0000000, 0x00000000c3a80000, 0x00000000eaa80000)
  object space 59904K, 32% used [0x00000000c0000000,0x00000000c12e4980,0x00000000c3a80000)
 PSPermGen       total 21504K, used 5847K [0x00000000bae00000, 0x00000000bc300000, 0x00000000c0000000)
  object space 21504K, 27% used [0x00000000bae00000,0x00000000bb3b5c88,0x00000000bc300000)
}
Event: 11.635 GC heap before
{Heap before GC invocations=6 (full 0):
 PSYoungGen      total 49664K, used 49637K [0x00000000eaa80000, 0x00000000f1a80000, 0x0000000100000000)
  eden space 46080K, 100% used [0x00000000eaa80000,0x00000000ed780000,0x00000000ed780000)
  from space 3584K, 99% used [0x00000000ed780000,0x00000000edaf9400,0x00000000edb00000)
  to   space 11264K, 0% used [0x00000000f0f80000,0x00000000f0f80000,0x00000000f1a80000)
 ParOldGen       total 59904K, used 19346K [0x00000000c0000000, 0x00000000c3a80000, 0x00000000eaa80000)
  object space 59904K, 32% used [0x00000000c0000000,0x00000000c12e4980,0x00000000c3a80000)
 PSPermGen       total 21504K, used 5882K [0x00000000bae00000, 0x00000000bc300000, 0x00000000c0000000)
  object space 21504K, 27% used [0x00000000bae00000,0x00000000bb3bea50,0x00000000bc300000)
Event: 11.711 GC heap after
Heap after GC invocations=6 (full 0):
 PSYoungGen      total 101888K, used 11090K [0x00000000eaa80000, 0x00000000f1d80000, 0x0000000100000000)
  eden space 90624K, 0% used [0x00000000eaa80000,0x00000000eaa80000,0x00000000f0300000)
  from space 11264K, 98% used [0x00000000f0f80000,0x00000000f1a54b58,0x00000000f1a80000)
  to   space 12800K, 0% used [0x00000000f0300000,0x00000000f0300000,0x00000000f0f80000)
 ParOldGen       total 59904K, used 19346K [0x00000000c0000000, 0x00000000c3a80000, 0x00000000eaa80000)
  object space 59904K, 32% used [0x00000000c0000000,0x00000000c12e4980,0x00000000c3a80000)
 PSPermGen       total 21504K, used 5882K [0x00000000bae00000, 0x00000000bc300000, 0x00000000c0000000)
  object space 21504K, 27% used [0x00000000bae00000,0x00000000bb3bea50,0x00000000bc300000)
}
Event: 14.869 GC heap before
{Heap before GC invocations=7 (full 0):
 PSYoungGen      total 101888K, used 101714K [0x00000000eaa80000, 0x00000000f1d80000, 0x0000000100000000)
  eden space 90624K, 100% used [0x00000000eaa80000,0x00000000f0300000,0x00000000f0300000)
  from space 11264K, 98% used [0x00000000f0f80000,0x00000000f1a54b58,0x00000000f1a80000)
  to   space 12800K, 0% used [0x00000000f0300000,0x00000000f0300000,0x00000000f0f80000)
 ParOldGen       total 59904K, used 19346K [0x00000000c0000000, 0x00000000c3a80000, 0x00000000eaa80000)
  object space 59904K, 32% used [0x00000000c0000000,0x00000000c12e4980,0x00000000c3a80000)
 PSPermGen       total 21504K, used 5910K [0x00000000bae00000, 0x00000000bc300000, 0x00000000c0000000)
  object space 21504K, 27% used [0x00000000bae00000,0x00000000bb3c5b70,0x00000000bc300000)

